<?xml version="1.0" encoding="UTF-8"?>
<!-- Generated by org.testng.reporters.JUnitReportReporter -->
<testsuite hostname="LAPTOP-QMGPGMLP" failures="0" tests="3" name="com.comcast.contecttest.Contact" time="0.009" errors="0" timestamp="2021-09-21T16:55:52 IST" skipped="0">
  <testcase classname="com.comcast.contecttest.Contact" name="createContactTest" time="0.007"/>
  <system-out/>
  <testcase classname="com.comcast.contecttest.Contact" name="createContactWithOrgTest" time="0.001"/>
  <system-out/>
  <testcase classname="com.comcast.contecttest.Contact" name="deleteContactTest" time="0.001"/>
  <system-out/>
</testsuite> <!-- com.comcast.contecttest.Contact -->
