<?xml version="1.0" encoding="UTF-8"?>
<!-- Generated by org.testng.reporters.JUnitReportReporter -->
<testsuite hostname="LAPTOP-QMGPGMLP" failures="0" tests="3" name="com.comcast.orgtest.OrgTest" time="0.011" errors="0" timestamp="23 Sep 2021 07:34:04 GMT" skipped="0">
  <testcase classname="com.comcast.orgtest.OrgTest" name="deleteOrgTest" time="0.001"/>
  <testcase classname="com.comcast.orgtest.OrgTest" name="OrgWithContactTest" time="0.009"/>
  <testcase classname="com.comcast.orgtest.OrgTest" name="createOrgTest" time="0.001"/>
</testsuite> <!-- com.comcast.orgtest.OrgTest -->
