<?xml version="1.0" encoding="UTF-8"?>
<!-- Generated by org.testng.reporters.JUnitReportReporter -->
<testsuite hostname="LAPTOP-QMGPGMLP" failures="0" tests="3" name="com.comcast.contecttest.ContactTest" time="0.009" errors="0" timestamp="23 Sep 2021 07:33:52 GMT" skipped="0">
  <testcase classname="com.comcast.contecttest.ContactTest" name="deleteContactTest" time="0.000"/>
  <testcase classname="com.comcast.contecttest.ContactTest" name="createContactTest" time="0.008"/>
  <testcase classname="com.comcast.contecttest.ContactTest" name="createContactWithOrgTest" time="0.001"/>
</testsuite> <!-- com.comcast.contecttest.ContactTest -->
